RUN	computerdatabase.ComputerDatabaseSimulation	computerdatabasesimulation	1662984088233	[A[Basdf	3.8.3
USER	Users	START	1662984091673
USER	Admins	START	1662984091673
USER	Users	START	1662984092604
REQUEST		Home	1662984091661	1662984092755	OK	 
REQUEST		Home	1662984091661	1662984092769	OK	 
REQUEST		Home Redirect 1	1662984092767	1662984093037	OK	 
REQUEST		Home Redirect 1	1662984092770	1662984093046	OK	 
USER	Users	START	1662984093608
REQUEST		Home	1662984092602	1662984093720	OK	 
REQUEST		Home Redirect 1	1662984093722	1662984093993	OK	 
REQUEST		Search	1662984094083	1662984094365	OK	 
REQUEST		Search	1662984094083	1662984094351	OK	 
USER	Users	START	1662984094589
REQUEST		Home	1662984093603	1662984094816	OK	 
REQUEST		Home Redirect 1	1662984094818	1662984095084	OK	 
REQUEST		Search	1662984095001	1662984095272	OK	 
USER	Users	START	1662984095592
REQUEST		Home	1662984094587	1662984095744	OK	 
REQUEST		Select	1662984095511	1662984095793	OK	 
REQUEST		Select	1662984095511	1662984095806	OK	 
REQUEST		Home Redirect 1	1662984095746	1662984096035	OK	 
REQUEST		Search	1662984096090	1662984096402	OK	 
USER	Users	START	1662984096593
REQUEST		Select	1662984096300	1662984096591	OK	 
USER	Admins	START	1662984096594
REQUEST		Home	1662984095589	1662984096751	OK	 
REQUEST		Home Redirect 1	1662984096753	1662984097023	OK	 
REQUEST		Page 0	1662984096819	1662984097162	OK	 
REQUEST		Page 0	1662984096819	1662984097162	OK	 
REQUEST		Search	1662984097041	1662984097477	OK	 
USER	Users	START	1662984097591
REQUEST		Select	1662984097424	1662984097700	OK	 
REQUEST		Home	1662984096590	1662984097794	OK	 
REQUEST		Home	1662984096590	1662984097815	OK	 
REQUEST		Page 0	1662984097597	1662984097907	OK	 
REQUEST		Home Redirect 1	1662984097795	1662984098099	OK	 
REQUEST		Home Redirect 1	1662984097818	1662984098111	OK	 
REQUEST		Search	1662984098033	1662984098331	OK	 
REQUEST		Page 1	1662984098189	1662984098471	OK	 
REQUEST		Page 1	1662984098189	1662984098478	OK	 
USER	Users	START	1662984098591
REQUEST		Home	1662984097589	1662984098693	OK	 
REQUEST		Select	1662984098497	1662984098786	OK	 
REQUEST		Page 0	1662984098704	1662984098990	OK	 
REQUEST		Home Redirect 1	1662984098695	1662984098990	OK	 
REQUEST		Page 1	1662984098915	1662984099203	OK	 
REQUEST		Search	1662984099105	1662984099394	OK	 
REQUEST		Search	1662984099117	1662984099404	OK	 
USER	Users	START	1662984099599
REQUEST		Select	1662984099363	1662984099628	OK	 
REQUEST		Home	1662984098589	1662984099695	OK	 
REQUEST		Page 2	1662984099475	1662984099736	OK	 
REQUEST		Page 2	1662984099480	1662984099752	OK	 
REQUEST		Home Redirect 1	1662984099697	1662984099969	OK	 
REQUEST		Page 0	1662984099791	1662984100077	OK	 
REQUEST		Page 1	1662984099998	1662984100271	OK	 
REQUEST		Search	1662984099998	1662984100275	OK	 
USER	Users	START	1662984100591
REQUEST		Page 2	1662984100211	1662984100671	OK	 
REQUEST		Select	1662984100419	1662984100704	OK	 
REQUEST		Select	1662984100425	1662984100727	OK	 
REQUEST		Page 0	1662984100633	1662984100907	OK	 
REQUEST		Home	1662984099592	1662984101002	OK	 
REQUEST		Page 3	1662984100740	1662984101005	OK	 
REQUEST		Page 3	1662984100756	1662984101033	OK	 
REQUEST		Search	1662984100976	1662984101267	OK	 
REQUEST		Home Redirect 1	1662984101005	1662984101290	OK	 
REQUEST		Page 1	1662984101084	1662984101368	OK	 
REQUEST		Page 2	1662984101276	1662984101541	OK	 
REQUEST		Select	1662984101283	1662984101550	OK	 
REQUEST		Home	1662984100588	1662984101736	OK	 
REQUEST		Page 3	1662984101676	1662984101955	OK	 
REQUEST		Page 0	1662984101710	1662984101996	OK	 
REQUEST		Home Redirect 1	1662984101736	1662984102017	OK	 
REQUEST		Page 0	1662984101735	1662984102021	OK	 
USER	Users	END	1662984102047
REQUEST		Page 1	1662984101914	1662984102201	OK	 
REQUEST		Form	1662984102012	1662984102283	OK	 
REQUEST		Select	1662984102279	1662984102553	OK	 
REQUEST		Search	1662984102296	1662984102573	OK	 
REQUEST		Page 2	1662984102374	1662984102662	OK	 
REQUEST		Page 3	1662984102549	1662984102819	OK	 
REQUEST		Page 0	1662984102556	1662984102831	OK	 
USER	Users	END	1662984102964
REQUEST		Page 1	1662984103001	1662984103287	OK	 
REQUEST		Search	1662984103022	1662984103296	OK	 
REQUEST		Page 1	1662984103026	1662984103309	OK	 
REQUEST		Page 2	1662984103205	1662984103485	OK	 
REQUEST		Post	1662984103295	1662984103562	OK	 
USER	Users	END	1662984103823
REQUEST		Page 0	1662984103561	1662984103837	OK	 
REQUEST		Post Redirect 1	1662984103582	1662984103859	OK	 
USER	Admins	END	1662984103864
REQUEST		Select	1662984103582	1662984103866	OK	 
REQUEST		Page 3	1662984103666	1662984103951	OK	 
REQUEST		Page 1	1662984103834	1662984104108	OK	 
REQUEST		Page 2	1662984104293	1662984104575	OK	 
REQUEST		Select	1662984104301	1662984104582	OK	 
REQUEST		Page 2	1662984104310	1662984104599	OK	 
REQUEST		Page 3	1662984104491	1662984104758	OK	 
USER	Users	END	1662984104958
REQUEST		Page 1	1662984104842	1662984105113	OK	 
REQUEST		Page 0	1662984104870	1662984105148	OK	 
REQUEST		Page 2	1662984105112	1662984105387	OK	 
USER	Users	END	1662984105765
REQUEST		Page 0	1662984105585	1662984105854	OK	 
REQUEST		Page 3	1662984105580	1662984105858	OK	 
REQUEST		Page 3	1662984105604	1662984105890	OK	 
REQUEST		Page 2	1662984106125	1662984106449	OK	 
REQUEST		Page 1	1662984106153	1662984106449	OK	 
REQUEST		Page 3	1662984106394	1662984106700	OK	 
USER	Users	END	1662984106867
REQUEST		Form	1662984106898	1662984107223	OK	 
REQUEST		Page 1	1662984106861	1662984107223	OK	 
USER	Users	END	1662984107707
REQUEST		Page 3	1662984107456	1662984107735	OK	 
REQUEST		Page 2	1662984107456	1662984107740	OK	 
REQUEST		Page 2	1662984108231	1662984108499	OK	 
USER	Users	END	1662984108745
REQUEST		Page 3	1662984108745	1662984109024	OK	 
REQUEST		Post	1662984108231	1662984109048	OK	 
USER	Users	END	1662984110032
REQUEST		Page 3	1662984109505	1662984110036	OK	 
REQUEST		Post Redirect 1	1662984109051	1662984110147	KO	status.find.is(201), but actually found 200
REQUEST		Form	1662984110159	1662984110994	OK	 
USER	Users	END	1662984111047
REQUEST		Post	1662984112000	1662984112287	OK	 
REQUEST		Post Redirect 1	1662984112290	1662984112572	KO	status.find.is(201), but actually found 200
USER	Admins	END	1662984112582
